<?xml version="1.0" encoding="UTF-8"?>
<!-- Generated by org.testng.reporters.JUnitReportReporter -->
<testsuite skipped="0" hostname="Lyazzats-MacBook-Pro.local" name="com.qa.hotel.test.HiltonVerifyPageTest" tests="2" failures="0" timestamp="2020-07-31T23:15:34 EDT" time="1.517" errors="0">
  <testcase name="verifyPageTitleTest" time="0.402" classname="com.qa.hotel.test.HiltonVerifyPageTest"/>
  <system-out/>
  <testcase name="Get_Information" time="1.115" classname="com.qa.hotel.test.HiltonVerifyPageTest"/>
  <system-out/>
</testsuite> <!-- com.qa.hotel.test.HiltonVerifyPageTest -->
