<?xml version="1.0" encoding="UTF-8"?>
<!-- Generated by org.testng.reporters.JUnitReportReporter -->
<testsuite skipped="0" hostname="Lyazzats-MacBook-Pro.local" name="com.qa.hotel.test.Hotel4starPageTest" tests="2" failures="0" timestamp="2020-08-02T00:02:41 EDT" time="1.457" errors="0">
  <testcase name="verifyPageTitleTest" time="0.166" classname="com.qa.hotel.test.Hotel4starPageTest"/>
  <system-out/>
  <testcase name="ShowHotleList" time="1.291" classname="com.qa.hotel.test.Hotel4starPageTest"/>
  <system-out/>
</testsuite> <!-- com.qa.hotel.test.Hotel4starPageTest -->
