<?xml version="1.0" encoding="UTF-8"?>
<!-- Generated by org.testng.reporters.JUnitReportReporter -->
<testsuite skipped="0" hostname="Lyazzats-MacBook-Pro.local" name="com.qa.hotel.test.Hotel5StarPageTest" tests="2" failures="0" timestamp="2020-08-02T00:04:33 EDT" time="2.074" errors="0">
  <testcase name="verifyPageTitleTest" time="0.163" classname="com.qa.hotel.test.Hotel5StarPageTest"/>
  <system-out/>
  <testcase name="Get_Information" time="1.911" classname="com.qa.hotel.test.Hotel5StarPageTest"/>
  <system-out/>
</testsuite> <!-- com.qa.hotel.test.Hotel5StarPageTest -->
