<?xml version="1.0" encoding="UTF-8"?>
<!-- Generated by org.testng.reporters.JUnitReportReporter -->
<testsuite skipped="0" hostname="Lyazzats-MacBook-Pro.local" name="com.qa.hotel.test.HotelVerifyPageTest" tests="2" failures="0" timestamp="2020-07-28T03:07:35 EDT" time="4.620" errors="0">
  <testcase name="verifyPageTitleTest" time="0.225" classname="com.qa.hotel.test.HotelVerifyPageTest"/>
  <system-out/>
  <testcase name="Get_Information" time="4.395" classname="com.qa.hotel.test.HotelVerifyPageTest"/>
  <system-out/>
</testsuite> <!-- com.qa.hotel.test.HotelVerifyPageTest -->
