<?xml version="1.0" encoding="UTF-8"?>
<!-- Generated by org.testng.reporters.JUnitReportReporter -->
<testsuite skipped="0" hostname="Lyazzats-MacBook-Pro.local" name="com.qa.hotel.test.DestinationPageTest" tests="2" failures="0" timestamp="2020-08-01T23:58:27 EDT" time="2.717" errors="0">
  <testcase name="verifyPageTitleTest" time="0.036" classname="com.qa.hotel.test.DestinationPageTest"/>
  <system-out/>
  <testcase name="Get_Information" time="2.681" classname="com.qa.hotel.test.DestinationPageTest"/>
  <system-out/>
</testsuite> <!-- com.qa.hotel.test.DestinationPageTest -->
