<?xml version="1.0" encoding="UTF-8"?>
<!-- Generated by org.testng.reporters.JUnitReportReporter -->
<testsuite skipped="0" hostname="Lyazzats-MacBook-Pro.local" name="com.qa.hotel.test.Hotel3starPageTest" tests="3" failures="0" timestamp="2020-08-03T11:45:22 EDT" time="3.192" errors="0">
  <testcase name="verifyPageTitleTest" time="0.107" classname="com.qa.hotel.test.Hotel3starPageTest"/>
  <system-out/>
  <testcase name="ShowHotelList" time="2.892" classname="com.qa.hotel.test.Hotel3starPageTest"/>
  <system-out/>
  <testcase name="verifyNameOfHotel" time="0.193" classname="com.qa.hotel.test.Hotel3starPageTest"/>
  <system-out/>
</testsuite> <!-- com.qa.hotel.test.Hotel3starPageTest -->
